2026-05-18 13:48:10 - INFO - Successfully moved 03d450e92b3d5a0ccccf49677628a680.jpg to images folder
2026-05-18 13:48:10 - INFO - Successfully moved 0a04f2c8977a5042d76a5d1183ea4670.jpg to images folder
2026-05-18 13:48:10 - INFO - Successfully moved 1497930f5e27b94c58d8a53a4be20f33.jpg to images folder
2026-05-18 13:48:10 - INFO - Successfully moved 3757edb32fb0a023047a4ea8fdeb0163.jpg to images folder
2026-05-18 13:48:10 - INFO - Successfully moved 42aed7f0c1277f7332363696aee6a69d.jpg to images folder
2026-05-18 13:48:10 - INFO - Successfully moved 541097504_18054681833565998_8388741913976744971_n.webp.jpg to images folder
2026-05-18 13:48:10 - INFO - Successfully moved 542291133_18054681869565998_5577020234629162890_n.webp.jpg to images folder
2026-05-18 13:48:10 - INFO - Successfully moved 640250937_1168953608491097_775632624065816826_n.jpg to images folder
2026-05-18 13:48:10 - INFO - Successfully moved 642519654_783059591084201_1442429382152259675_n.jpg to images folder
2026-05-18 13:48:10 - INFO - Successfully moved 8d2d521084e846129af08bd8f377f24b.jpg to images folder
2026-05-18 13:48:10 - INFO - Successfully moved 9587104704d2d1c5d83a7dddafb4fa4d.jpg to images folder
2026-05-18 13:48:10 - INFO - Successfully moved base.pdf to documents folder
2026-05-18 13:48:10 - INFO - Successfully moved BMW S1000RR Dark Knight Edition 4k wallpaper.jpg to images folder
2026-05-18 13:48:10 - INFO - Successfully moved c447d226b69fd10cf4c6273db33814c0.jpg to images folder
2026-05-18 13:50:42 - INFO - Successfully moved desktop.ini to others folder
2026-05-18 13:50:42 - INFO - Successfully moved download (1).jpg to images folder
2026-05-18 13:50:42 - INFO - Successfully moved download (2).jpg to images folder
2026-05-18 13:50:42 - INFO - Successfully moved download (3).jpg to images folder
2026-05-18 13:50:42 - INFO - Successfully moved download (4).jpg to images folder
2026-05-18 13:50:42 - INFO - Successfully moved download.jpg to images folder
2026-05-18 13:50:42 - INFO - Successfully moved GitHubDesktopSetup-x64.exe to others folder
2026-05-18 13:50:42 - INFO - Successfully moved IMG_20250929_004649.png to images folder
2026-05-18 13:50:42 - INFO - Successfully moved One Direction - Steal My Girl (Audio) - OneDirectionVEVO (720p, h264).mp4 to videos folder
2026-05-18 13:50:42 - INFO - Successfully moved One Direction - Steal My Girl (Audio) - OneDirectionVEVO.mp3 to audio folder
2026-05-18 13:50:42 - INFO - Successfully moved test_project.py to code folder
2026-05-18 13:50:42 - INFO - Successfully moved Wallpaper pc pulple aesthetic y2k.jpg to images folder
2026-05-18 13:51:19 - ERROR - Error: You do not have permission to create a folder here.
2026-05-18 13:51:19 - INFO - C:\Users\shrey pathak\Downloads\WhatsApp Image 2026-01-10 at 21.11.15.jpeg created
2026-05-18 13:51:19 - ERROR - Error: You do not have permission to create a folder here.
2026-05-18 13:51:19 - INFO - Successfully moved WhatsApp Image 2026-01-10 at 21.11.15.jpeg to others folder
2026-05-18 13:51:19 - INFO - C:\Users\shrey pathak\Downloads\Document 4.pdf created
2026-05-18 13:51:19 - INFO - Successfully moved Document 4.pdf to documents folder
2026-05-18 13:51:19 - ERROR - Error: You do not have permission to create a folder here.
2026-05-18 13:51:19 - INFO - C:\Users\shrey pathak\Downloads\Syllabus And QB.pdf created
2026-05-18 13:51:19 - INFO - Successfully moved Syllabus And QB.pdf to documents folder
2026-05-18 13:51:19 - ERROR - Error: You do not have permission to create a folder here.
2026-05-18 13:51:19 - INFO - C:\Users\shrey pathak\Downloads\WhatsApp Image 2026-01-10 at 20.26.06.jpeg created
2026-05-18 13:56:15 - INFO - Successfully moved 03d450e92b3d5a0ccccf49677628a680.jpg to images folder
2026-05-18 13:56:15 - INFO - Successfully moved 0a04f2c8977a5042d76a5d1183ea4670.jpg to images folder
2026-05-18 13:56:15 - INFO - Successfully moved 1497930f5e27b94c58d8a53a4be20f33.jpg to images folder
2026-05-18 13:56:15 - INFO - Successfully moved 3757edb32fb0a023047a4ea8fdeb0163.jpg to images folder
2026-05-18 13:56:15 - INFO - Successfully moved 42aed7f0c1277f7332363696aee6a69d.jpg to images folder
2026-05-18 13:56:15 - INFO - Successfully moved 541097504_18054681833565998_8388741913976744971_n.webp.jpg to images folder
2026-05-18 13:56:15 - INFO - Successfully moved 542291133_18054681869565998_5577020234629162890_n.webp.jpg to images folder
2026-05-18 13:56:15 - INFO - Successfully moved 640250937_1168953608491097_775632624065816826_n.jpg to images folder
2026-05-18 13:56:15 - INFO - Successfully moved 642519654_783059591084201_1442429382152259675_n.jpg to images folder
2026-05-18 13:56:15 - INFO - Successfully moved 8d2d521084e846129af08bd8f377f24b.jpg to images folder
2026-05-18 13:56:15 - INFO - Successfully moved 9587104704d2d1c5d83a7dddafb4fa4d.jpg to images folder
2026-05-18 13:56:15 - INFO - Successfully moved base.pdf to documents folder
2026-05-18 13:56:15 - INFO - Successfully moved BMW S1000RR Dark Knight Edition 4k wallpaper.jpg to images folder
2026-05-18 13:56:15 - INFO - Successfully moved c447d226b69fd10cf4c6273db33814c0.jpg to images folder
2026-05-18 13:56:15 - INFO - Successfully moved Document 4.pdf to documents folder
2026-05-18 13:56:15 - INFO - Successfully moved download (1).jpg to images folder
2026-05-18 13:56:15 - INFO - Successfully moved download (2).jpg to images folder
2026-05-18 13:56:15 - INFO - Successfully moved download (3).jpg to images folder
2026-05-18 13:56:15 - INFO - Successfully moved download (4).jpg to images folder
2026-05-18 13:56:15 - INFO - Successfully moved download.jpg to images folder
2026-05-18 13:56:15 - INFO - Successfully moved GitHubDesktopSetup-x64.exe to others folder
2026-05-18 13:56:15 - INFO - Successfully moved IMG_20250929_004649.png to images folder
2026-05-18 13:56:15 - INFO - Successfully moved One Direction - Steal My Girl (Audio) - OneDirectionVEVO (720p, h264).mp4 to videos folder
2026-05-18 13:56:15 - INFO - Successfully moved One Direction - Steal My Girl (Audio) - OneDirectionVEVO.mp3 to audio folder
2026-05-18 13:56:15 - INFO - Successfully moved Syllabus And QB.pdf to documents folder
2026-05-18 13:56:15 - INFO - Successfully moved test_project.py to code folder
2026-05-18 13:56:15 - INFO - Successfully moved Wallpaper pc pulple aesthetic y2k.jpg to images folder
2026-05-18 13:56:15 - INFO - Successfully moved WhatsApp Image 2026-01-10 at 20.26.06.jpeg to others folder
2026-05-18 13:56:15 - INFO - Successfully moved WhatsApp Image 2026-01-10 at 21.11.15.jpeg to others folder
2026-05-18 13:57:23 - ERROR - Error: You do not have permission to create a folder here.
2026-05-18 13:57:23 - INFO - C:\Users\shrey pathak\Downloads\entrance_exam_class9_final.pdf created
2026-05-18 13:57:23 - ERROR - Error: You do not have permission to create a folder here.
2026-05-18 13:57:23 - INFO - Successfully moved entrance_exam_class9_final.pdf to documents folder
2026-05-18 13:57:23 - INFO - C:\Users\shrey pathak\Downloads\entrance_exam_class9_english (1).pdf created
2026-05-18 13:57:23 - INFO - Successfully moved entrance_exam_class9_english (1).pdf to documents folder
2026-05-18 13:57:23 - ERROR - Error: You do not have permission to create a folder here.
2026-05-18 13:57:23 - INFO - C:\Users\shrey pathak\Downloads\entrance_exam_class9_english.pdf created
